<?xml version="1.0" encoding="UTF-8"?>
<!-- Generated by org.testng.reporters.JUnitReportReporter -->
<testsuite hostname="Lenova_Aug_2024" failures="0" tests="3" name="Step_Runner.StepRunner_HRM" time="23.341" errors="0" timestamp="2025-07-18T11:27:42 BST" skipped="0">
  <testcase classname="Step_Runner.StepRunner_HRM" name="runScenario" time="5.980"/>
  <testcase classname="Step_Runner.StepRunner_HRM" name="runScenario" time="10.565"/>
  <testcase classname="Step_Runner.StepRunner_HRM" name="runScenario" time="6.796"/>
</testsuite> <!-- Step_Runner.StepRunner_HRM -->
