<?xml version="1.0" encoding="UTF-8"?>
<!-- Generated by org.testng.reporters.JUnitReportReporter -->
<testsuite hostname="Lenova_Aug_2024" failures="0" tests="3" name="Step_Runner.StepRunner_HRM" time="20.727" errors="0" timestamp="2025-07-18T14:06:38 BST" skipped="0">
  <testcase classname="Step_Runner.StepRunner_HRM" name="runScenario" time="8.117"/>
  <testcase classname="Step_Runner.StepRunner_HRM" name="runScenario" time="5.858"/>
  <testcase classname="Step_Runner.StepRunner_HRM" name="runScenario" time="6.752"/>
</testsuite> <!-- Step_Runner.StepRunner_HRM -->
